0 info it worked if it ends with ok
1 verbose cli [ '/Users/suwigyarathore/.nvm/versions/node/v6.11.1/bin/node',
1 verbose cli   '/Users/suwigyarathore/.nvm/versions/node/v6.11.1/bin/npm',
1 verbose cli   'run',
1 verbose cli   'start' ]
2 info using npm@3.10.10
3 info using node@v6.11.1
4 verbose run-script [ 'prestart', 'start', 'poststart' ]
5 info lifecycle socketchat@1.0.0~prestart: socketchat@1.0.0
6 silly lifecycle socketchat@1.0.0~prestart: no script for prestart, continuing
7 info lifecycle socketchat@1.0.0~start: socketchat@1.0.0
8 verbose lifecycle socketchat@1.0.0~start: unsafe-perm in lifecycle true
9 verbose lifecycle socketchat@1.0.0~start: PATH: /Users/suwigyarathore/.nvm/versions/node/v6.11.1/lib/node_modules/npm/bin/node-gyp-bin:/Users/suwigyarathore/Documents/SocketChat/node_modules/.bin:/Users/suwigyarathore/.nvm/versions/node/v6.11.1/bin:/usr/local/bin:/usr/bin:/bin:/usr/sbin:/sbin
10 verbose lifecycle socketchat@1.0.0~start: CWD: /Users/suwigyarathore/Documents/SocketChat
11 silly lifecycle socketchat@1.0.0~start: Args: [ '-c', 'node chat && nodemon' ]
12 silly lifecycle socketchat@1.0.0~start: Returned: code: 1  signal: null
13 info lifecycle socketchat@1.0.0~start: Failed to exec start script
14 verbose stack Error: socketchat@1.0.0 start: `node chat && nodemon`
14 verbose stack Exit status 1
14 verbose stack     at EventEmitter.<anonymous> (/Users/suwigyarathore/.nvm/versions/node/v6.11.1/lib/node_modules/npm/lib/utils/lifecycle.js:255:16)
14 verbose stack     at emitTwo (events.js:106:13)
14 verbose stack     at EventEmitter.emit (events.js:191:7)
14 verbose stack     at ChildProcess.<anonymous> (/Users/suwigyarathore/.nvm/versions/node/v6.11.1/lib/node_modules/npm/lib/utils/spawn.js:40:14)
14 verbose stack     at emitTwo (events.js:106:13)
14 verbose stack     at ChildProcess.emit (events.js:191:7)
14 verbose stack     at maybeClose (internal/child_process.js:891:16)
14 verbose stack     at Process.ChildProcess._handle.onexit (internal/child_process.js:226:5)
15 verbose pkgid socketchat@1.0.0
16 verbose cwd /Users/suwigyarathore/Documents/SocketChat
17 error Darwin 15.6.0
18 error argv "/Users/suwigyarathore/.nvm/versions/node/v6.11.1/bin/node" "/Users/suwigyarathore/.nvm/versions/node/v6.11.1/bin/npm" "run" "start"
19 error node v6.11.1
20 error npm  v3.10.10
21 error code ELIFECYCLE
22 error socketchat@1.0.0 start: `node chat && nodemon`
22 error Exit status 1
23 error Failed at the socketchat@1.0.0 start script 'node chat && nodemon'.
23 error Make sure you have the latest version of node.js and npm installed.
23 error If you do, this is most likely a problem with the socketchat package,
23 error not with npm itself.
23 error Tell the author that this fails on your system:
23 error     node chat && nodemon
23 error You can get information on how to open an issue for this project with:
23 error     npm bugs socketchat
23 error Or if that isn't available, you can get their info via:
23 error     npm owner ls socketchat
23 error There is likely additional logging output above.
24 verbose exit [ 1, true ]
